<?xml version="1.0" encoding="UTF-8"?>
<!-- Generated by org.testng.reporters.JUnitReportReporter -->
<testsuite hostname="Hamim" failures="0" tests="1" name="com.qa.e2e.mobile.MobileTest" time="7.544" errors="0" timestamp="2022-12-03T22:23:21 EST" skipped="0">
  <testcase classname="com.qa.e2e.mobile.MobileTest" name="getAPK_UP" time="7.544"/>
  <system-out/>
</testsuite> <!-- com.qa.e2e.mobile.MobileTest -->
